app/build/intermediates/manifest_merge_blame_file/release/manifest-merger-blame-release-report.txt
1<?xml version="1.0" encoding="utf-8"?>
2<manifest xmlns:android="http://schemas.android.com/apk/res/android"
3    package="me.kezhu.music"
4    android:versionCode="131"
5    android:versionName="1.3.1" >
6
7    <uses-sdk
8        android:minSdkVersion="14"
8-->src/main/AndroidManifest.xml
9        android:targetSdkVersion="25" />
9-->src/main/AndroidManifest.xml
10
11    <uses-permission android:name="android.permission.INTERNET" />
11-->src/main/AndroidManifest.xml:5:5-67
11-->src/main/AndroidManifest.xml:5:22-64
12    <uses-permission android:name="android.permission.ACCESS_NETWORK_STATE" />
12-->src/main/AndroidManifest.xml:6:5-79
12-->src/main/AndroidManifest.xml:6:22-76
13    <uses-permission android:name="android.permission.ACCESS_WIFI_STATE" />
13-->src/main/AndroidManifest.xml:7:5-76
13-->src/main/AndroidManifest.xml:7:22-73
14    <uses-permission android:name="android.permission.WRITE_EXTERNAL_STORAGE" />
14-->src/main/AndroidManifest.xml:8:5-81
14-->src/main/AndroidManifest.xml:8:22-78
15    <uses-permission android:name="android.permission.MOUNT_UNMOUNT_FILESYSTEMS" />
15-->src/main/AndroidManifest.xml:9:5-84
15-->src/main/AndroidManifest.xml:9:22-81
16    <uses-permission android:name="android.permission.WRITE_SETTINGS" />
16-->src/main/AndroidManifest.xml:10:5-73
16-->src/main/AndroidManifest.xml:10:22-70
17    <!-- 高德天气 -->
18    <!--
19    <uses-permission android:name="android.permission.ACCESS_COARSE_LOCATION" />
20    <uses-permission android:name="android.permission.ACCESS_FINE_LOCATION" />
21    <uses-permission android:name="android.permission.CHANGE_WIFI_STATE" />
22    <uses-permission android:name="android.permission.READ_PHONE_STATE" />
23    -->
24    <!-- Bugly -->
25    <uses-permission android:name="android.permission.READ_LOGS" />
25-->src/main/AndroidManifest.xml:17:5-68
25-->src/main/AndroidManifest.xml:17:22-65
26
27    <application
27-->src/main/AndroidManifest.xml:19:5-102:19
28        android:name="me.kezhu.music.application.MusicApplication"
28-->src/main/AndroidManifest.xml:20:9-67
29        android:allowBackup="true"
29-->src/main/AndroidManifest.xml:21:9-35
30        android:configChanges="orientation|keyboardHidden|navigation|screenSize"
30-->src/main/AndroidManifest.xml:24:9-81
31        android:icon="@drawable/ic_launcher"
31-->src/main/AndroidManifest.xml:22:9-45
32        android:label="@string/app_name"
32-->src/main/AndroidManifest.xml:23:9-41
33        android:supportsRtl="true"
33-->[com.hwangjr.rxbus:rxbus:2.0.0] AndroidManifest.xml:11:9-35
34        android:theme="@style/AppTheme" >
34-->src/main/AndroidManifest.xml:25:9-40
35        <provider
36            android:name="android.support.v4.content.FileProvider"
36-->src/main/AndroidManifest.xml:27:13-67
37            android:authorities="me.kezhu.music.fileProvider"
37-->src/main/AndroidManifest.xml:28:13-64
38            android:exported="false"
38-->src/main/AndroidManifest.xml:29:13-37
39            android:grantUriPermissions="true" >
39-->src/main/AndroidManifest.xml:30:13-47
40            <meta-data
40-->src/main/AndroidManifest.xml:31:13-33:58
41                android:name="android.support.FILE_PROVIDER_PATHS"
41-->src/main/AndroidManifest.xml:32:17-67
42                android:resource="@xml/provider_paths" />
42-->src/main/AndroidManifest.xml:33:17-55
43        </provider>
44
45        <meta-data
46            android:name="com.amap.api.v2.apikey"
46-->src/main/AndroidManifest.xml:37:13-50
47            android:value="placeholder" />
47-->src/main/AndroidManifest.xml:38:13-40
48
49        <service android:name="me.kezhu.music.service.PlayService" />
49-->src/main/AndroidManifest.xml:40:9-70
49-->src/main/AndroidManifest.xml:40:18-67
50
51        <receiver android:name="me.kezhu.music.receiver.DownloadReceiver" >
51-->src/main/AndroidManifest.xml:42:9-46:20
51-->src/main/AndroidManifest.xml:42:19-74
52            <intent-filter>
52-->src/main/AndroidManifest.xml:43:13-45:29
53                <action android:name="android.intent.action.DOWNLOAD_COMPLETE" />
53-->src/main/AndroidManifest.xml:44:17-82
53-->src/main/AndroidManifest.xml:44:25-79
54            </intent-filter>
55        </receiver>
56        <receiver android:name="me.kezhu.music.receiver.RemoteControlReceiver" >
56-->src/main/AndroidManifest.xml:47:9-51:20
56-->src/main/AndroidManifest.xml:47:19-79
57            <intent-filter>
57-->src/main/AndroidManifest.xml:48:13-50:29
58                <action android:name="android.intent.action.MEDIA_BUTTON" />
58-->src/main/AndroidManifest.xml:49:17-77
58-->src/main/AndroidManifest.xml:49:25-74
59            </intent-filter>
60        </receiver>
61        <receiver android:name="me.kezhu.music.receiver.StatusBarReceiver" >
61-->src/main/AndroidManifest.xml:52:9-56:20
61-->src/main/AndroidManifest.xml:52:19-75
62            <intent-filter>
62-->src/main/AndroidManifest.xml:53:13-55:29
63                <action android:name="me.kezhu.music.STATUS_BAR_ACTIONS" />
63-->src/main/AndroidManifest.xml:54:17-76
63-->src/main/AndroidManifest.xml:54:25-73
64            </intent-filter>
65        </receiver>
66
67        <activity
67-->src/main/AndroidManifest.xml:58:9-68:20
68            android:name="me.kezhu.music.activity.MusicActivity"
68-->src/main/AndroidManifest.xml:59:13-65
69            android:label="@string/app_name"
69-->src/main/AndroidManifest.xml:60:13-45
70            android:screenOrientation="portrait"
70-->src/main/AndroidManifest.xml:62:13-49
71            android:windowSoftInputMode="adjustPan|stateAlwaysHidden" >
71-->src/main/AndroidManifest.xml:61:13-70
72            <intent-filter>
72-->src/main/AndroidManifest.xml:63:13-67:29
73                <action android:name="android.intent.action.MAIN" />
73-->src/main/AndroidManifest.xml:64:17-69
73-->src/main/AndroidManifest.xml:64:25-66
74
75                <category android:name="android.intent.category.LAUNCHER" />
75-->src/main/AndroidManifest.xml:66:17-77
75-->src/main/AndroidManifest.xml:66:27-74
76            </intent-filter>
77        </activity>
78        <activity
78-->src/main/AndroidManifest.xml:69:9-71:52
79            android:name="me.kezhu.music.activity.OnlineMusicActivity"
79-->src/main/AndroidManifest.xml:70:13-71
80            android:screenOrientation="portrait" />
80-->src/main/AndroidManifest.xml:71:13-49
81        <activity
81-->src/main/AndroidManifest.xml:72:9-75:52
82            android:name="me.kezhu.music.activity.ArtistInfoActivity"
82-->src/main/AndroidManifest.xml:73:13-70
83            android:label="@string/artist_info"
83-->src/main/AndroidManifest.xml:74:13-48
84            android:screenOrientation="portrait" />
84-->src/main/AndroidManifest.xml:75:13-49
85        <activity
85-->src/main/AndroidManifest.xml:76:9-79:54
86            android:name="me.kezhu.music.activity.SearchMusicActivity"
86-->src/main/AndroidManifest.xml:77:13-71
87            android:screenOrientation="portrait"
87-->src/main/AndroidManifest.xml:78:13-49
88            android:theme="@style/AppTheme.Search" />
88-->src/main/AndroidManifest.xml:79:13-51
89        <activity
89-->src/main/AndroidManifest.xml:80:9-83:52
90            android:name="me.kezhu.music.activity.SettingActivity"
90-->src/main/AndroidManifest.xml:81:13-67
91            android:label="@string/menu_setting"
91-->src/main/AndroidManifest.xml:82:13-49
92            android:screenOrientation="portrait" />
92-->src/main/AndroidManifest.xml:83:13-49
93        <activity
93-->src/main/AndroidManifest.xml:84:9-87:52
94            android:name="me.kezhu.music.activity.AboutActivity"
94-->src/main/AndroidManifest.xml:85:13-65
95            android:label="@string/menu_about"
95-->src/main/AndroidManifest.xml:86:13-47
96            android:screenOrientation="portrait" />
96-->src/main/AndroidManifest.xml:87:13-49
97        <activity
97-->src/main/AndroidManifest.xml:88:9-90:88
98            android:name="me.kezhu.music.activity.FullScreenActivity"
98-->src/main/AndroidManifest.xml:89:13-70
99            android:configChanges="orientation|keyboardHidden|navigation|screenSize" />
99-->src/main/AndroidManifest.xml:90:13-85
100        <activity
100-->src/main/AndroidManifest.xml:91:9-94:52
101            android:name="me.kezhu.music.activity.MusicInfoActivity"
101-->src/main/AndroidManifest.xml:92:13-69
102            android:label="@string/music_info"
102-->src/main/AndroidManifest.xml:93:13-47
103            android:screenOrientation="portrait" />
103-->src/main/AndroidManifest.xml:94:13-49
104        <activity
104-->src/main/AndroidManifest.xml:95:9-97:52
105            android:name="me.kezhu.music.activity.SubscribeMessageActivity"
105-->src/main/AndroidManifest.xml:96:13-76
106            android:screenOrientation="portrait" />
106-->src/main/AndroidManifest.xml:97:13-49
107        <activity
107-->src/main/AndroidManifest.xml:98:9-101:52
108            android:name="me.kezhu.music.activity.PlaylistActivity"
108-->src/main/AndroidManifest.xml:99:13-68
109            android:label="@string/activity_playlist"
109-->src/main/AndroidManifest.xml:100:13-54
110            android:screenOrientation="portrait" />
110-->src/main/AndroidManifest.xml:101:13-49
111    </application>
112
113</manifest>